  UISlider.cpp
C:\Users\AssortRock\Documents\새 폴더\MetalSlug\GameEngine\Include\UI\UISlider.cpp(62,24): warning C4244: '인수': 'int'에서 'float'(으)로 변환하면서 데이터가 손실될 수 있습니다.
C:\Users\AssortRock\Documents\새 폴더\MetalSlug\GameEngine\Include\UI\UISlider.cpp(67,24): warning C4244: '인수': 'int'에서 'float'(으)로 변환하면서 데이터가 손실될 수 있습니다.
  GameEngine.vcxproj -> C:\Users\AssortRock\Documents\새 폴더\MetalSlug\GameEngine\Include\../Bin/GameEngine_Debug.lib
  0개 파일이 복사되었습니다.
  파일을 찾을 수 없습니다-*.inl
  0개 파일이 복사되었습니다.
  0개 파일이 복사되었습니다.
  .\GameEngine\Bin\GameEngine_Debug.lib
  1개 파일이 복사되었습니다.
  .\GameEngine\Bin\GameEngine_Debug.lib
  1개 파일이 복사되었습니다.
  .\GameEngine\Bin\GameEngine_Debug.lib
  1개 파일이 복사되었습니다.
  0개 파일이 복사되었습니다.
  0개 파일이 복사되었습니다.
  0개 파일이 복사되었습니다.
  0개 파일이 복사되었습니다.
  0개 파일이 복사되었습니다.
  0개 파일이 복사되었습니다.
