c:\users\kjh\desktop\가마우지\metal\gameeditor\binobj_debug\gameeditor_debug.pch
c:\users\kjh\desktop\가마우지\metal\gameeditor\binobj_debug\vc142.pdb
c:\users\kjh\desktop\가마우지\metal\gameeditor\binobj_debug\vc142.idb
c:\users\kjh\desktop\가마우지\metal\gameeditor\binobj_debug\pch.obj
c:\users\kjh\desktop\가마우지\metal\gameeditor\binobj_debug\worldobjectdlg.obj
c:\users\kjh\desktop\가마우지\metal\gameeditor\binobj_debug\viewmanager.obj
c:\users\kjh\desktop\가마우지\metal\gameeditor\binobj_debug\viewer.obj
c:\users\kjh\desktop\가마우지\metal\gameeditor\binobj_debug\toolbardlg.obj
c:\users\kjh\desktop\가마우지\metal\gameeditor\binobj_debug\mainfrm.obj
c:\users\kjh\desktop\가마우지\metal\gameeditor\binobj_debug\gameeditorview.obj
c:\users\kjh\desktop\가마우지\metal\gameeditor\binobj_debug\gameeditordoc.obj
c:\users\kjh\desktop\가마우지\metal\gameeditor\binobj_debug\gameeditor.obj
c:\users\kjh\desktop\가마우지\metal\gameeditor\binobj_debug\editdevice.obj
c:\users\kjh\desktop\가마우지\metal\gameeditor\binobj_debug\detailobjdlg.obj
c:\users\kjh\desktop\가마우지\metal\gameeditor\binobj_debug\textureviewer.obj
c:\users\kjh\desktop\가마우지\metal\gameeditor\binobj_debug\rectviewer.obj
c:\users\kjh\desktop\가마우지\metal\gameeditor\binobj_debug\playereditdlg.obj
c:\users\kjh\desktop\가마우지\metal\gameeditor\binobj_debug\sceneeditor.obj
c:\users\kjh\desktop\가마우지\metal\gameeditor\binobj_debug\animationbinderplayerview.obj
c:\users\kjh\desktop\가마우지\metal\gameeditor\binobj_debug\animation2dbinddlg.obj
c:\users\kjh\desktop\가마우지\metal\gameeditor\binobj_debug\animationplayerview.obj
c:\users\kjh\desktop\가마우지\metal\gameeditor\binobj_debug\animationeditorview.obj
c:\users\kjh\desktop\가마우지\metal\gameeditor\binobj_debug\animation2deditordlg.obj
c:\users\kjh\desktop\가마우지\metal\gameeditor\binobj_debug\testslot.obj
c:\users\kjh\desktop\가마우지\metal\gameeditor\binobj_debug\testicon.obj
c:\users\kjh\desktop\가마우지\metal\gameeditor\binobj_debug\testbutton.obj
c:\users\kjh\desktop\가마우지\metal\gameeditor\binobj_debug\testbar.obj
c:\users\kjh\desktop\가마우지\metal\gameeditor\binobj_debug\startbackobj.obj
c:\users\kjh\desktop\가마우지\metal\gameeditor\binobj_debug\slider.obj
c:\users\kjh\desktop\가마우지\metal\gameeditor\binobj_debug\inventory.obj
c:\users\kjh\desktop\가마우지\metal\gameeditor\binobj_debug\checkbox.obj
c:\users\kjh\desktop\가마우지\metal\gameeditor\binobj_debug\tilemapobj.obj
c:\users\kjh\desktop\가마우지\metal\gameeditor\binobj_debug\testobj.obj
c:\users\kjh\desktop\가마우지\metal\gameeditor\binobj_debug\player.obj
c:\users\kjh\desktop\가마우지\metal\gameeditor\binobj_debug\monster.obj
c:\users\kjh\desktop\가마우지\metal\gameeditor\binobj_debug\bullet.obj
c:\users\kjh\desktop\가마우지\metal\gameeditor\binobj_debug\testgamemode.obj
c:\users\kjh\desktop\가마우지\metal\gameeditor\binobj_debug\startgamemode.obj
c:\users\kjh\desktop\가마우지\metal\gameeditor\binobj_debug\maingamemode.obj
c:\users\kjh\desktop\가마우지\metal\gameeditor\binobj_debug\clientgameinstance.obj
c:\users\kjh\desktop\가마우지\metal\gameeditor\binobj_debug\clientcreatesystem.obj
c:\users\kjh\desktop\가마우지\metal\gameeditor\binobj_debug\client.obj
c:\users\kjh\desktop\가마우지\metal\gameeditor\bin\textureviewerstandard2d.cso
c:\users\kjh\desktop\가마우지\metal\gameeditor\bin\gameeditor_debug.exe
c:\users\kjh\desktop\가마우지\metal\gameeditor\bin\gameeditor_debug.ilk
c:\users\kjh\desktop\가마우지\metal\gameeditor\bin\gameeditor_debug.pdb
c:\users\kjh\desktop\가마우지\metal\gameeditor\binobj_debug\gameeditor.res
c:\users\kjh\desktop\가마우지\metal\gameeditor\binobj_debug\../bin/gameeditor_debug.pdb
c:\users\kjh\desktop\가마우지\metal\gameeditor\include\../bin/gameeditor_debug.exe
c:\users\kjh\desktop\가마우지\metal\gameeditor\binobj_debug\../bin/gameeditor_debug.ilk
c:\users\kjh\desktop\가마우지\metal\gameeditor\binobj_debug\gameeditor.tlog\cl.command.1.tlog
c:\users\kjh\desktop\가마우지\metal\gameeditor\binobj_debug\gameeditor.tlog\cl.read.1.tlog
c:\users\kjh\desktop\가마우지\metal\gameeditor\binobj_debug\gameeditor.tlog\cl.write.1.tlog
c:\users\kjh\desktop\가마우지\metal\gameeditor\binobj_debug\gameeditor.tlog\fxc.command.1.tlog
c:\users\kjh\desktop\가마우지\metal\gameeditor\binobj_debug\gameeditor.tlog\fxc.read.1.tlog
c:\users\kjh\desktop\가마우지\metal\gameeditor\binobj_debug\gameeditor.tlog\fxc.write.1.tlog
c:\users\kjh\desktop\가마우지\metal\gameeditor\binobj_debug\gameeditor.tlog\link.command.1.tlog
c:\users\kjh\desktop\가마우지\metal\gameeditor\binobj_debug\gameeditor.tlog\link.read.1.tlog
c:\users\kjh\desktop\가마우지\metal\gameeditor\binobj_debug\gameeditor.tlog\link.write.1.tlog
c:\users\kjh\desktop\가마우지\metal\gameeditor\binobj_debug\gameeditor.tlog\rc.command.1.tlog
c:\users\kjh\desktop\가마우지\metal\gameeditor\binobj_debug\gameeditor.tlog\rc.read.1.tlog
c:\users\kjh\desktop\가마우지\metal\gameeditor\binobj_debug\gameeditor.tlog\rc.write.1.tlog
