  compilation object save succeeded; see C:\Users\KJH\Desktop\가마우지\Metal\GameEditor\Bin\TextureViewerStandard2D.cso
  pch.cpp
  Animation2DEditorDlg.cpp
  AnimationEditorView.cpp
  AnimationPlayerView.cpp
  Animation2DBindDlg.cpp
  AnimationBinderPlayerView.cpp
  SceneEditor.cpp
  PlayerEditDlg.cpp
  RectViewer.cpp
  TextureViewer.cpp
  DetailObjDlg.cpp
  EditDevice.cpp
  GameEditor.cpp
  GameEditorDoc.cpp
  GameEditorView.cpp
  MainFrm.cpp
  ToolBarDlg.cpp
  Viewer.cpp
  ViewManager.cpp
  WorldObjectDlg.cpp
  코드를 생성하고 있습니다...
  Client.cpp
  ClientCreateSystem.cpp
  ClientGameInstance.cpp
  MainGameMode.cpp
  StartGameMode.cpp
  TestGameMode.cpp
  Bullet.cpp
  Monster.cpp
  Player.cpp
  TestObj.cpp
  TileMapObj.cpp
  CheckBox.cpp
  Inventory.cpp
  Slider.cpp
  StartBackObj.cpp
  TestBar.cpp
  TestButton.cpp
  TestIcon.cpp
  TestSlot.cpp
  코드를 생성하고 있습니다...
DirectXTex_Debug.lib(BC.obj) : warning LNK4099: 'DirectXTex.pdb' PDB를 'DirectXTex_Debug.lib(BC.obj)' 또는 'C:\Users\KJH\Desktop\가마우지\Metal\GameEditor\Bin\DirectXTex.pdb'에서 찾을 수 없습니다. 디버그 정보가 없는 것처럼 개체를 링크합니다.
DirectXTex_Debug.lib(BC4BC5.obj) : warning LNK4099: 'DirectXTex.pdb' PDB를 'DirectXTex_Debug.lib(BC4BC5.obj)' 또는 'C:\Users\KJH\Desktop\가마우지\Metal\GameEditor\Bin\DirectXTex.pdb'에서 찾을 수 없습니다. 디버그 정보가 없는 것처럼 개체를 링크합니다.
DirectXTex_Debug.lib(BC6HBC7.obj) : warning LNK4099: 'DirectXTex.pdb' PDB를 'DirectXTex_Debug.lib(BC6HBC7.obj)' 또는 'C:\Users\KJH\Desktop\가마우지\Metal\GameEditor\Bin\DirectXTex.pdb'에서 찾을 수 없습니다. 디버그 정보가 없는 것처럼 개체를 링크합니다.
DirectXTex_Debug.lib(DirectXTexCompress.obj) : warning LNK4099: 'DirectXTex.pdb' PDB를 'DirectXTex_Debug.lib(DirectXTexCompress.obj)' 또는 'C:\Users\KJH\Desktop\가마우지\Metal\GameEditor\Bin\DirectXTex.pdb'에서 찾을 수 없습니다. 디버그 정보가 없는 것처럼 개체를 링크합니다.
DirectXTex_Debug.lib(DirectXTexConvert.obj) : warning LNK4099: 'DirectXTex.pdb' PDB를 'DirectXTex_Debug.lib(DirectXTexConvert.obj)' 또는 'C:\Users\KJH\Desktop\가마우지\Metal\GameEditor\Bin\DirectXTex.pdb'에서 찾을 수 없습니다. 디버그 정보가 없는 것처럼 개체를 링크합니다.
DirectXTex_Debug.lib(DirectXTexD3D11.obj) : warning LNK4099: 'DirectXTex.pdb' PDB를 'DirectXTex_Debug.lib(DirectXTexD3D11.obj)' 또는 'C:\Users\KJH\Desktop\가마우지\Metal\GameEditor\Bin\DirectXTex.pdb'에서 찾을 수 없습니다. 디버그 정보가 없는 것처럼 개체를 링크합니다.
DirectXTex_Debug.lib(DirectXTexDDS.obj) : warning LNK4099: 'DirectXTex.pdb' PDB를 'DirectXTex_Debug.lib(DirectXTexDDS.obj)' 또는 'C:\Users\KJH\Desktop\가마우지\Metal\GameEditor\Bin\DirectXTex.pdb'에서 찾을 수 없습니다. 디버그 정보가 없는 것처럼 개체를 링크합니다.
DirectXTex_Debug.lib(DirectXTexImage.obj) : warning LNK4099: 'DirectXTex.pdb' PDB를 'DirectXTex_Debug.lib(DirectXTexImage.obj)' 또는 'C:\Users\KJH\Desktop\가마우지\Metal\GameEditor\Bin\DirectXTex.pdb'에서 찾을 수 없습니다. 디버그 정보가 없는 것처럼 개체를 링크합니다.
DirectXTex_Debug.lib(DirectXTexMipMaps.obj) : warning LNK4099: 'DirectXTex.pdb' PDB를 'DirectXTex_Debug.lib(DirectXTexMipMaps.obj)' 또는 'C:\Users\KJH\Desktop\가마우지\Metal\GameEditor\Bin\DirectXTex.pdb'에서 찾을 수 없습니다. 디버그 정보가 없는 것처럼 개체를 링크합니다.
DirectXTex_Debug.lib(DirectXTexTGA.obj) : warning LNK4099: 'DirectXTex.pdb' PDB를 'DirectXTex_Debug.lib(DirectXTexTGA.obj)' 또는 'C:\Users\KJH\Desktop\가마우지\Metal\GameEditor\Bin\DirectXTex.pdb'에서 찾을 수 없습니다. 디버그 정보가 없는 것처럼 개체를 링크합니다.
DirectXTex_Debug.lib(DirectXTexUtil.obj) : warning LNK4099: 'DirectXTex.pdb' PDB를 'DirectXTex_Debug.lib(DirectXTexUtil.obj)' 또는 'C:\Users\KJH\Desktop\가마우지\Metal\GameEditor\Bin\DirectXTex.pdb'에서 찾을 수 없습니다. 디버그 정보가 없는 것처럼 개체를 링크합니다.
DirectXTex_Debug.lib(DirectXTexWIC.obj) : warning LNK4099: 'DirectXTex.pdb' PDB를 'DirectXTex_Debug.lib(DirectXTexWIC.obj)' 또는 'C:\Users\KJH\Desktop\가마우지\Metal\GameEditor\Bin\DirectXTex.pdb'에서 찾을 수 없습니다. 디버그 정보가 없는 것처럼 개체를 링크합니다.
  GameEditor.vcxproj -> C:\Users\KJH\Desktop\가마우지\Metal\GameEditor\Include\../Bin/GameEditor_Debug.exe
  .\GameEditor\Include\Client\Client.cpp
  .\GameEditor\Include\Client\GameMode\TestGameMode.cpp
  .\GameEditor\Include\Client\GameMode\TestGameMode.h
  .\GameEditor\Include\Client\Object\Player.cpp
  .\GameEditor\Include\Client\Object\Player.h
  .\GameEditor\Include\Client\Object\TestObj.cpp
  .\GameEditor\Include\Client\Object\TestObj.h
  .\GameEditor\Include\Client\UI\Inventory.cpp
  .\GameEditor\Include\Client\UI\Inventory.h
  .\GameEditor\Include\Client\UI\Slider.cpp
  .\GameEditor\Include\Client\UI\Slider.h
  .\GameEditor\Include\Client\UI\TestIcon.cpp
  .\GameEditor\Include\Client\UI\TestIcon.h
  .\GameEditor\Include\Client\UI\TestSlot.cpp
  .\GameEditor\Include\Client\UI\TestSlot.h
  15개 파일이 복사되었습니다.
  .\GameEditor\Bin\Resource\StageSequence1.txt
  .\GameEditor\Bin\Resource\Ani\PlayerLeftAimDownHeavyShot.ani
  .\GameEditor\Bin\Resource\Ani\PlayerLeftAimDown_H.ani
  .\GameEditor\Bin\Resource\Ani\PlayerLeftAimUpIdle_H.ani
  .\GameEditor\Bin\Resource\Ani\PlayerLeftAimUpStartHeavyShot.ani
  .\GameEditor\Bin\Resource\Ani\PlayerLeftAimUpStart_H.ani
  .\GameEditor\Bin\Resource\Ani\PlayerLeftHeavyMidShot.ani
  .\GameEditor\Bin\Resource\Ani\PlayerLeftHeavyMidShotEnd.ani
  .\GameEditor\Bin\Resource\Ani\PlayerLeftHeavyUpShot.ani
  .\GameEditor\Bin\Resource\Ani\PlayerLeftHeavyUpShotEnd.ani
  .\GameEditor\Bin\Resource\Ani\PlayerLeftLowerIdle.ani
  .\GameEditor\Bin\Resource\Ani\PlayerLeftLowerMove.ani
  .\GameEditor\Bin\Resource\Ani\PlayerLeftLowerMoveStart.ani
  .\GameEditor\Bin\Resource\Ani\PlayerLeftNormalMidShot.ani
  .\GameEditor\Bin\Resource\Ani\PlayerLeftNormalUpShot.ani
  .\GameEditor\Bin\Resource\Ani\PlayerLeftSitIdle_H.ani
  .\GameEditor\Bin\Resource\Ani\PlayerLeftSitMove_H.ani
  .\GameEditor\Bin\Resource\Ani\PlayerLeftSitShot.ani
  .\GameEditor\Bin\Resource\Ani\PlayerLeftSitShotEnd_H.ani
  .\GameEditor\Bin\Resource\Ani\PlayerLeftSitShot_H.ani
  .\GameEditor\Bin\Resource\Ani\PlayerLeftSitStart.ani
  .\GameEditor\Bin\Resource\Ani\PlayerLeftSitStart_H.ani
  .\GameEditor\Bin\Resource\Ani\PlayerLeftSitThrowBomb.ani
  .\GameEditor\Bin\Resource\Ani\PlayerLeftSitThrowBomb_H.ani
  .\GameEditor\Bin\Resource\Ani\PlayerLeftThrowBomb.ani
  .\GameEditor\Bin\Resource\Ani\PlayerLeftThrowBomb_H.ani
  .\GameEditor\Bin\Resource\Ani\PlayerLeftUpperIdle_H.ani
  .\GameEditor\Bin\Resource\Ani\PlayerLeftUpperMoveStart_H.ani
  .\GameEditor\Bin\Resource\Ani\PlayerLeftUpperMove_H.ani
  .\GameEditor\Bin\Resource\Ani\PlayerLeftUpStart.ani
  .\GameEditor\Bin\Resource\Ani\PlayerLeftUpStart_H.ani
  .\GameEditor\Bin\Resource\Ani\PlayerLowerAnimList.txt
  .\GameEditor\Bin\Resource\Ani\PlayerRightAimDownHeavyShot.ani
  .\GameEditor\Bin\Resource\Ani\PlayerRightAimDown_H.ani
  .\GameEditor\Bin\Resource\Ani\PlayerRightAimUpIdle_H.ani
  .\GameEditor\Bin\Resource\Ani\PlayerRightAimUpStartHeavyShot.ani
  .\GameEditor\Bin\Resource\Ani\PlayerRightAimUpStart_H.ani
  .\GameEditor\Bin\Resource\Ani\PlayerRightHeavyMidShot.ani
  .\GameEditor\Bin\Resource\Ani\PlayerRightHeavyMidShotEnd.ani
  .\GameEditor\Bin\Resource\Ani\PlayerRightHeavyUpShot.ani
  .\GameEditor\Bin\Resource\Ani\PlayerRightHeavyUpShotEnd.ani
  .\GameEditor\Bin\Resource\Ani\PlayerRightLowerIdle.ani
  .\GameEditor\Bin\Resource\Ani\PlayerRightLowerMove.ani
  .\GameEditor\Bin\Resource\Ani\PlayerRightLowerMoveStart.ani
  .\GameEditor\Bin\Resource\Ani\PlayerRightNormalUpShot.ani
  .\GameEditor\Bin\Resource\Ani\PlayerRightSitIdle_H.ani
  .\GameEditor\Bin\Resource\Ani\PlayerRightSitMove_H.ani
  .\GameEditor\Bin\Resource\Ani\PlayerRightSitShotEnd.ani
  .\GameEditor\Bin\Resource\Ani\PlayerRightSitShotEnd_H.ani
  .\GameEditor\Bin\Resource\Ani\PlayerRightSitShot_H.ani
  .\GameEditor\Bin\Resource\Ani\PlayerRightSitStart.ani
  .\GameEditor\Bin\Resource\Ani\PlayerRightSitStart_H.ani
  .\GameEditor\Bin\Resource\Ani\PlayerRightSitThrowBomb.ani
  .\GameEditor\Bin\Resource\Ani\PlayerRightSitThrowBomb_H.ani
  .\GameEditor\Bin\Resource\Ani\PlayerRightThrowBomb.ani
  .\GameEditor\Bin\Resource\Ani\PlayerRightThrowBomb_H.ani
  .\GameEditor\Bin\Resource\Ani\PlayerRightUpperIdle_H.ani
  .\GameEditor\Bin\Resource\Ani\PlayerRightUpperMoveStart_H.ani
  .\GameEditor\Bin\Resource\Ani\PlayerRightUpperMove_H.ani
  .\GameEditor\Bin\Resource\Ani\PlayerRightUpStart.ani
  .\GameEditor\Bin\Resource\Ani\PlayerRightUpStart_H.ani
  .\GameEditor\Bin\Resource\Ani\PlayerUpperAnimList.txt
  .\GameEditor\Bin\Resource\Texture\InventoryBackImage.png
  .\GameEditor\Bin\Resource\Texture\InventoryScroll.png
  .\GameEditor\Bin\Resource\Texture\InventoryScrollBar.png
  .\GameEditor\Bin\Resource\Texture\Inventorytitlebar.png
  .\GameEditor\Bin\Resource\Texture\PlayerLeftAimUp_H.png
  .\GameEditor\Bin\Resource\Texture\PlayerLeftRun_H.png
  .\GameEditor\Bin\Resource\Texture\PlayerLeftShot_H.png
  .\GameEditor\Bin\Resource\Texture\PlayerLeftSitShot_H.png
  .\GameEditor\Bin\Resource\Texture\PlayerLeftSitThrowBomb_H.png
  .\GameEditor\Bin\Resource\Texture\PlayerLeftSit_H.png
  .\GameEditor\Bin\Resource\Texture\PlayerLeftThrowBomb.png
  .\GameEditor\Bin\Resource\Texture\PlayerLeftThrowBomb_H.png
  .\GameEditor\Bin\Resource\Texture\PlayerLeftUpperIdle_H.png
  .\GameEditor\Bin\Resource\Texture\PlayerRightAimUp_H.png
  .\GameEditor\Bin\Resource\Texture\PlayerRightRun_H.png
  .\GameEditor\Bin\Resource\Texture\PlayerRightShot_H.png
  .\GameEditor\Bin\Resource\Texture\PlayerRightSitShot_H.png
  .\GameEditor\Bin\Resource\Texture\PlayerRightSitThrowBomb_H.png
  .\GameEditor\Bin\Resource\Texture\PlayerRightSit_H.png
  .\GameEditor\Bin\Resource\Texture\PlayerRightThrowBomb.png
  .\GameEditor\Bin\Resource\Texture\PlayerRightThrowBomb_H.png
  .\GameEditor\Bin\Resource\Texture\PlayerRightUpperIdle_H.png
  .\GameEditor\Bin\Resource\Texture\SlotGrid.png
  .\GameEditor\Bin\Resource\Texture\SlotImage.png
  .\GameEditor\Bin\Resource\Texture\WeaponIcon.png
  .\GameEditor\Bin\Resource\Texture\WeaponSlot.png
  88개 파일이 복사되었습니다.
